{
  "stats": {
    "suites": 12,
    "tests": 41,
    "passes": 0,
    "pending": 0,
    "failures": 41,
    "start": "2021-06-01T19:04:24.907Z",
    "end": "2021-06-01T19:07:22.226Z",
    "duration": 177319,
    "testsRegistered": 41,
    "passPercent": 0,
    "pendingPercent": 0,
    "other": 0,
    "hasOther": false,
    "skipped": 0,
    "hasSkipped": false
  },
  "results": [
    {
      "uuid": "ba64c643-6c13-413a-972b-3f40804298da",
      "title": "",
      "fullFile": "cypress/integration/project.spec.js",
      "file": "cypress/integration/project.spec.js",
      "beforeHooks": [],
      "afterHooks": [],
      "tests": [],
      "suites": [
        {
          "uuid": "402dc09b-a7d3-4b95-aae6-44dcb43a5388",
          "title": "1 - Adicione à página o título \"Paleta de Cores\".",
          "fullFile": "",
          "file": "",
          "beforeHooks": [],
          "afterHooks": [],
          "tests": [
            {
              "title": "Verifica se contém um elemento `h1` com o id `title` com o título correto",
              "fullTitle": "1 - Adicione à página o título \"Paleta de Cores\". Verifica se contém um elemento `h1` com o id `title` com o título correto",
              "timedOut": null,
              "duration": 4287,
              "state": "failed",
              "speed": null,
              "pass": false,
              "fail": true,
              "pending": false,
              "context": null,
              "code": "cy.get('h1#title').should('contain.text', 'Paleta de Cores');",
              "err": {
                "message": "CypressError: Timed out retrying: Expected to find element: 'h1#title', but never found it.",
                "estack": "CypressError: Timed out retrying: Expected to find element: 'h1#title', but never found it.\n    at cypressErr (http://localhost:46279/__cypress/runner/cypress_runner.js:149934:9)\n    at throwErr (http://localhost:46279/__cypress/runner/cypress_runner.js:149867:11)\n    at Object.throwErrByPath (http://localhost:46279/__cypress/runner/cypress_runner.js:149915:3)\n    at retry (http://localhost:46279/__cypress/runner/cypress_runner.js:144197:19)\n    at onFailFn (http://localhost:46279/__cypress/runner/cypress_runner.js:132448:16)\n    at tryCatcher (http://localhost:46279/__cypress/runner/cypress_runner.js:167415:23)\n    at Promise._settlePromiseFromHandler (http://localhost:46279/__cypress/runner/cypress_runner.js:165351:31)\n    at Promise._settlePromise (http://localhost:46279/__cypress/runner/cypress_runner.js:165408:18)\n    at Promise._settlePromise0 (http://localhost:46279/__cypress/runner/cypress_runner.js:165453:10)\n    at Promise._settlePromises (http://localhost:46279/__cypress/runner/cypress_runner.js:165528:18)\n    at Async../node_modules/bluebird/js/release/async.js.Async._drainQueue (http://localhost:46279/__cypress/runner/cypress_runner.js:162140:16)\n    at Async../node_modules/bluebird/js/release/async.js.Async._drainQueues (http://localhost:46279/__cypress/runner/cypress_runner.js:162150:10)\n    at Async.drainQueues (http://localhost:46279/__cypress/runner/cypress_runner.js:162024:14)",
                "diff": null
              },
              "uuid": "2dba9f91-5456-4c39-bd3a-37c56247aa61",
              "parentUUID": "402dc09b-a7d3-4b95-aae6-44dcb43a5388",
              "isHook": false,
              "skipped": false
            }
          ],
          "suites": [],
          "passes": [],
          "failures": [
            "2dba9f91-5456-4c39-bd3a-37c56247aa61"
          ],
          "pending": [],
          "skipped": [],
          "duration": 4287,
          "root": false,
          "rootEmpty": false,
          "_timeout": 2000
        },
        {
          "uuid": "735e184a-4c18-4004-ad59-9a2c7e725017",
          "title": "2 - Adicione à página uma paleta de quatro cores distintas.",
          "fullFile": "",
          "file": "",
          "beforeHooks": [],
          "afterHooks": [],
          "tests": [
            {
              "title": "A paleta de cores deve ser um elemento com `id` denominado `color-palette`",
              "fullTitle": "2 - Adicione à página uma paleta de quatro cores distintas. A paleta de cores deve ser um elemento com `id` denominado `color-palette`",
              "timedOut": null,
              "duration": 4255,
              "state": "failed",
              "speed": null,
              "pass": false,
              "fail": true,
              "pending": false,
              "context": null,
              "code": "cy.get('#color-palette').should('be.visible');",
              "err": {
                "message": "CypressError: Timed out retrying: Expected to find element: '#color-palette', but never found it.",
                "estack": "CypressError: Timed out retrying: Expected to find element: '#color-palette', but never found it.\n    at cypressErr (http://localhost:46279/__cypress/runner/cypress_runner.js:149934:9)\n    at throwErr (http://localhost:46279/__cypress/runner/cypress_runner.js:149867:11)\n    at Object.throwErrByPath (http://localhost:46279/__cypress/runner/cypress_runner.js:149915:3)\n    at retry (http://localhost:46279/__cypress/runner/cypress_runner.js:144197:19)\n    at onFailFn (http://localhost:46279/__cypress/runner/cypress_runner.js:132448:16)\n    at tryCatcher (http://localhost:46279/__cypress/runner/cypress_runner.js:167415:23)\n    at Promise._settlePromiseFromHandler (http://localhost:46279/__cypress/runner/cypress_runner.js:165351:31)\n    at Promise._settlePromise (http://localhost:46279/__cypress/runner/cypress_runner.js:165408:18)\n    at Promise._settlePromise0 (http://localhost:46279/__cypress/runner/cypress_runner.js:165453:10)\n    at Promise._settlePromises (http://localhost:46279/__cypress/runner/cypress_runner.js:165528:18)\n    at Async../node_modules/bluebird/js/release/async.js.Async._drainQueue (http://localhost:46279/__cypress/runner/cypress_runner.js:162140:16)\n    at Async../node_modules/bluebird/js/release/async.js.Async._drainQueues (http://localhost:46279/__cypress/runner/cypress_runner.js:162150:10)\n    at Async.drainQueues (http://localhost:46279/__cypress/runner/cypress_runner.js:162024:14)",
                "diff": null
              },
              "uuid": "db63eb48-e49e-483e-945f-5f57b601807f",
              "parentUUID": "735e184a-4c18-4004-ad59-9a2c7e725017",
              "isHook": false,
              "skipped": false
            },
            {
              "title": "Verifica se cada cor individual da paleta de cores possui a `classe` chamada `color`.",
              "fullTitle": "2 - Adicione à página uma paleta de quatro cores distintas. Verifica se cada cor individual da paleta de cores possui a `classe` chamada `color`.",
              "timedOut": null,
              "duration": 4230,
              "state": "failed",
              "speed": null,
              "pass": false,
              "fail": true,
              "pending": false,
              "context": null,
              "code": "cy.get('.color').should('have.length', 4).then(function (colors) {\n  for (var i = 0; i < colors.length; i++) {\n    cy.wrap(colors[i]).should('be.visible');\n  }\n});",
              "err": {
                "message": "CypressError: Timed out retrying: Expected to find element: '.color', but never found it.",
                "estack": "CypressError: Timed out retrying: Expected to find element: '.color', but never found it.\n    at cypressErr (http://localhost:46279/__cypress/runner/cypress_runner.js:149934:9)\n    at throwErr (http://localhost:46279/__cypress/runner/cypress_runner.js:149867:11)\n    at Object.throwErrByPath (http://localhost:46279/__cypress/runner/cypress_runner.js:149915:3)\n    at retry (http://localhost:46279/__cypress/runner/cypress_runner.js:144197:19)\n    at onFailFn (http://localhost:46279/__cypress/runner/cypress_runner.js:132448:16)\n    at tryCatcher (http://localhost:46279/__cypress/runner/cypress_runner.js:167415:23)\n    at Promise._settlePromiseFromHandler (http://localhost:46279/__cypress/runner/cypress_runner.js:165351:31)\n    at Promise._settlePromise (http://localhost:46279/__cypress/runner/cypress_runner.js:165408:18)\n    at Promise._settlePromise0 (http://localhost:46279/__cypress/runner/cypress_runner.js:165453:10)\n    at Promise._settlePromises (http://localhost:46279/__cypress/runner/cypress_runner.js:165528:18)\n    at Async../node_modules/bluebird/js/release/async.js.Async._drainQueue (http://localhost:46279/__cypress/runner/cypress_runner.js:162140:16)\n    at Async../node_modules/bluebird/js/release/async.js.Async._drainQueues (http://localhost:46279/__cypress/runner/cypress_runner.js:162150:10)\n    at Async.drainQueues (http://localhost:46279/__cypress/runner/cypress_runner.js:162024:14)",
                "diff": null
              },
              "uuid": "169f0d6b-c279-4e55-bb57-049de5b9bdd5",
              "parentUUID": "735e184a-4c18-4004-ad59-9a2c7e725017",
              "isHook": false,
              "skipped": false
            },
            {
              "title": "Verifica se a cor de fundo de cada elemento da paleta é a cor que o elemento representa. **A única cor não permitida na paleta é a cor branca.**",
              "fullTitle": "2 - Adicione à página uma paleta de quatro cores distintas. Verifica se a cor de fundo de cada elemento da paleta é a cor que o elemento representa. **A única cor não permitida na paleta é a cor branca.**",
              "timedOut": null,
              "duration": 4235,
              "state": "failed",
              "speed": null,
              "pass": false,
              "fail": true,
              "pending": false,
              "context": null,
              "code": "cy.get('.color').each(function (color) {\n  cy.wrap(color).should('have.class', 'color').and('not.have.css', 'background-color', WHITE);\n  cy.wrap(color).should('have.css', 'background-color');\n});",
              "err": {
                "message": "CypressError: Timed out retrying: Expected to find element: '.color', but never found it.",
                "estack": "CypressError: Timed out retrying: Expected to find element: '.color', but never found it.\n    at cypressErr (http://localhost:46279/__cypress/runner/cypress_runner.js:149934:9)\n    at throwErr (http://localhost:46279/__cypress/runner/cypress_runner.js:149867:11)\n    at Object.throwErrByPath (http://localhost:46279/__cypress/runner/cypress_runner.js:149915:3)\n    at retry (http://localhost:46279/__cypress/runner/cypress_runner.js:144197:19)\n    at onFailFn (http://localhost:46279/__cypress/runner/cypress_runner.js:132448:16)\n    at tryCatcher (http://localhost:46279/__cypress/runner/cypress_runner.js:167415:23)\n    at Promise._settlePromiseFromHandler (http://localhost:46279/__cypress/runner/cypress_runner.js:165351:31)\n    at Promise._settlePromise (http://localhost:46279/__cypress/runner/cypress_runner.js:165408:18)\n    at Promise._settlePromise0 (http://localhost:46279/__cypress/runner/cypress_runner.js:165453:10)\n    at Promise._settlePromises (http://localhost:46279/__cypress/runner/cypress_runner.js:165528:18)\n    at Async../node_modules/bluebird/js/release/async.js.Async._drainQueue (http://localhost:46279/__cypress/runner/cypress_runner.js:162140:16)\n    at Async../node_modules/bluebird/js/release/async.js.Async._drainQueues (http://localhost:46279/__cypress/runner/cypress_runner.js:162150:10)\n    at Async.drainQueues (http://localhost:46279/__cypress/runner/cypress_runner.js:162024:14)",
                "diff": null
              },
              "uuid": "31eccf8b-2a0d-4f8b-8045-73c3b55e7e36",
              "parentUUID": "735e184a-4c18-4004-ad59-9a2c7e725017",
              "isHook": false,
              "skipped": false
            },
            {
              "title": "Verifica se cada elemento da paleta de cores tem uma borda preta, sólida e com 1 pixel de largura;",
              "fullTitle": "2 - Adicione à página uma paleta de quatro cores distintas. Verifica se cada elemento da paleta de cores tem uma borda preta, sólida e com 1 pixel de largura;",
              "timedOut": null,
              "duration": 4240,
              "state": "failed",
              "speed": null,
              "pass": false,
              "fail": true,
              "pending": false,
              "context": null,
              "code": "cy.get('.color').each(function (color) {\n  cy.wrap(color).and('have.css', 'border', \"1px solid \".concat(BLACK)).and('have.class', 'color');\n});",
              "err": {
                "message": "CypressError: Timed out retrying: Expected to find element: '.color', but never found it.",
                "estack": "CypressError: Timed out retrying: Expected to find element: '.color', but never found it.\n    at cypressErr (http://localhost:46279/__cypress/runner/cypress_runner.js:149934:9)\n    at throwErr (http://localhost:46279/__cypress/runner/cypress_runner.js:149867:11)\n    at Object.throwErrByPath (http://localhost:46279/__cypress/runner/cypress_runner.js:149915:3)\n    at retry (http://localhost:46279/__cypress/runner/cypress_runner.js:144197:19)\n    at onFailFn (http://localhost:46279/__cypress/runner/cypress_runner.js:132448:16)\n    at tryCatcher (http://localhost:46279/__cypress/runner/cypress_runner.js:167415:23)\n    at Promise._settlePromiseFromHandler (http://localhost:46279/__cypress/runner/cypress_runner.js:165351:31)\n    at Promise._settlePromise (http://localhost:46279/__cypress/runner/cypress_runner.js:165408:18)\n    at Promise._settlePromise0 (http://localhost:46279/__cypress/runner/cypress_runner.js:165453:10)\n    at Promise._settlePromises (http://localhost:46279/__cypress/runner/cypress_runner.js:165528:18)\n    at Async../node_modules/bluebird/js/release/async.js.Async._drainQueue (http://localhost:46279/__cypress/runner/cypress_runner.js:162140:16)\n    at Async../node_modules/bluebird/js/release/async.js.Async._drainQueues (http://localhost:46279/__cypress/runner/cypress_runner.js:162150:10)\n    at Async.drainQueues (http://localhost:46279/__cypress/runner/cypress_runner.js:162024:14)",
                "diff": null
              },
              "uuid": "7cb80f75-2ccd-4bdb-a3c9-ec4e4b9b527e",
              "parentUUID": "735e184a-4c18-4004-ad59-9a2c7e725017",
              "isHook": false,
              "skipped": false
            },
            {
              "title": "Verifica se a paleta lista todas as cores disponíveis para utilização, lado a lado.",
              "fullTitle": "2 - Adicione à página uma paleta de quatro cores distintas. Verifica se a paleta lista todas as cores disponíveis para utilização, lado a lado.",
              "timedOut": null,
              "duration": 4242,
              "state": "failed",
              "speed": null,
              "pass": false,
              "fail": true,
              "pending": false,
              "context": null,
              "code": "cy.get('.color').then(function (colors) {\n  for (var index = 1; index < colors.length; index += 1) {\n    var currentColor = colors[index];\n    var previousColor = colors[index - 1];\n    cy.wrap(currentColor).should('be.onTheRightOf', previousColor).and('be.horizontallyAlignedWith', previousColor);\n  }\n});",
              "err": {
                "message": "CypressError: Timed out retrying: Expected to find element: '.color', but never found it.",
                "estack": "CypressError: Timed out retrying: Expected to find element: '.color', but never found it.\n    at cypressErr (http://localhost:46279/__cypress/runner/cypress_runner.js:149934:9)\n    at throwErr (http://localhost:46279/__cypress/runner/cypress_runner.js:149867:11)\n    at Object.throwErrByPath (http://localhost:46279/__cypress/runner/cypress_runner.js:149915:3)\n    at retry (http://localhost:46279/__cypress/runner/cypress_runner.js:144197:19)\n    at onFailFn (http://localhost:46279/__cypress/runner/cypress_runner.js:132448:16)\n    at tryCatcher (http://localhost:46279/__cypress/runner/cypress_runner.js:167415:23)\n    at Promise._settlePromiseFromHandler (http://localhost:46279/__cypress/runner/cypress_runner.js:165351:31)\n    at Promise._settlePromise (http://localhost:46279/__cypress/runner/cypress_runner.js:165408:18)\n    at Promise._settlePromise0 (http://localhost:46279/__cypress/runner/cypress_runner.js:165453:10)\n    at Promise._settlePromises (http://localhost:46279/__cypress/runner/cypress_runner.js:165528:18)\n    at Async../node_modules/bluebird/js/release/async.js.Async._drainQueue (http://localhost:46279/__cypress/runner/cypress_runner.js:162140:16)\n    at Async../node_modules/bluebird/js/release/async.js.Async._drainQueues (http://localhost:46279/__cypress/runner/cypress_runner.js:162150:10)\n    at Async.drainQueues (http://localhost:46279/__cypress/runner/cypress_runner.js:162024:14)",
                "diff": null
              },
              "uuid": "5a69a656-4145-4411-8bdb-703e365c8e32",
              "parentUUID": "735e184a-4c18-4004-ad59-9a2c7e725017",
              "isHook": false,
              "skipped": false
            },
            {
              "title": "Verifica se a paleta de cores está posicionada abaixo do título 'Paleta de Cores'",
              "fullTitle": "2 - Adicione à página uma paleta de quatro cores distintas. Verifica se a paleta de cores está posicionada abaixo do título 'Paleta de Cores'",
              "timedOut": null,
              "duration": 4240,
              "state": "failed",
              "speed": null,
              "pass": false,
              "fail": true,
              "pending": false,
              "context": null,
              "code": "cy.get('h1#title').then(function (title) {\n  cy.get('#color-palette').should('be.belowOf', title);\n});",
              "err": {
                "message": "CypressError: Timed out retrying: Expected to find element: 'h1#title', but never found it.",
                "estack": "CypressError: Timed out retrying: Expected to find element: 'h1#title', but never found it.\n    at cypressErr (http://localhost:46279/__cypress/runner/cypress_runner.js:149934:9)\n    at throwErr (http://localhost:46279/__cypress/runner/cypress_runner.js:149867:11)\n    at Object.throwErrByPath (http://localhost:46279/__cypress/runner/cypress_runner.js:149915:3)\n    at retry (http://localhost:46279/__cypress/runner/cypress_runner.js:144197:19)\n    at onFailFn (http://localhost:46279/__cypress/runner/cypress_runner.js:132448:16)\n    at tryCatcher (http://localhost:46279/__cypress/runner/cypress_runner.js:167415:23)\n    at Promise._settlePromiseFromHandler (http://localhost:46279/__cypress/runner/cypress_runner.js:165351:31)\n    at Promise._settlePromise (http://localhost:46279/__cypress/runner/cypress_runner.js:165408:18)\n    at Promise._settlePromise0 (http://localhost:46279/__cypress/runner/cypress_runner.js:165453:10)\n    at Promise._settlePromises (http://localhost:46279/__cypress/runner/cypress_runner.js:165528:18)\n    at Async../node_modules/bluebird/js/release/async.js.Async._drainQueue (http://localhost:46279/__cypress/runner/cypress_runner.js:162140:16)\n    at Async../node_modules/bluebird/js/release/async.js.Async._drainQueues (http://localhost:46279/__cypress/runner/cypress_runner.js:162150:10)\n    at Async.drainQueues (http://localhost:46279/__cypress/runner/cypress_runner.js:162024:14)",
                "diff": null
              },
              "uuid": "48f3fcef-4d25-4638-87c1-7e5446b3bddc",
              "parentUUID": "735e184a-4c18-4004-ad59-9a2c7e725017",
              "isHook": false,
              "skipped": false
            },
            {
              "title": "Verifica se a paleta de cores não contém cores repetidas.",
              "fullTitle": "2 - Adicione à página uma paleta de quatro cores distintas. Verifica se a paleta de cores não contém cores repetidas.",
              "timedOut": null,
              "duration": 4271,
              "state": "failed",
              "speed": null,
              "pass": false,
              "fail": true,
              "pending": false,
              "context": null,
              "code": "cy.get('.color').then(function (colors) {\n  var allColors = Array.from(colors).map(function (color) {\n    return Cypress.$(color).css('background-color');\n  });\n  cy.log(allColors);\n  var uniqColors = (0, _toConsumableArray2[\"default\"])(new Set(allColors));\n  cy.log(uniqColors);\n  expect(allColors.length).to.eq(uniqColors.length);\n});",
              "err": {
                "message": "CypressError: Timed out retrying: Expected to find element: '.color', but never found it.",
                "estack": "CypressError: Timed out retrying: Expected to find element: '.color', but never found it.\n    at cypressErr (http://localhost:46279/__cypress/runner/cypress_runner.js:149934:9)\n    at throwErr (http://localhost:46279/__cypress/runner/cypress_runner.js:149867:11)\n    at Object.throwErrByPath (http://localhost:46279/__cypress/runner/cypress_runner.js:149915:3)\n    at retry (http://localhost:46279/__cypress/runner/cypress_runner.js:144197:19)\n    at onFailFn (http://localhost:46279/__cypress/runner/cypress_runner.js:132448:16)\n    at tryCatcher (http://localhost:46279/__cypress/runner/cypress_runner.js:167415:23)\n    at Promise._settlePromiseFromHandler (http://localhost:46279/__cypress/runner/cypress_runner.js:165351:31)\n    at Promise._settlePromise (http://localhost:46279/__cypress/runner/cypress_runner.js:165408:18)\n    at Promise._settlePromise0 (http://localhost:46279/__cypress/runner/cypress_runner.js:165453:10)\n    at Promise._settlePromises (http://localhost:46279/__cypress/runner/cypress_runner.js:165528:18)\n    at Async../node_modules/bluebird/js/release/async.js.Async._drainQueue (http://localhost:46279/__cypress/runner/cypress_runner.js:162140:16)\n    at Async../node_modules/bluebird/js/release/async.js.Async._drainQueues (http://localhost:46279/__cypress/runner/cypress_runner.js:162150:10)\n    at Async.drainQueues (http://localhost:46279/__cypress/runner/cypress_runner.js:162024:14)",
                "diff": null
              },
              "uuid": "e3366a84-1861-4488-bdc8-2c343cfdad4e",
              "parentUUID": "735e184a-4c18-4004-ad59-9a2c7e725017",
              "isHook": false,
              "skipped": false
            }
          ],
          "suites": [],
          "passes": [],
          "failures": [
            "db63eb48-e49e-483e-945f-5f57b601807f",
            "169f0d6b-c279-4e55-bb57-049de5b9bdd5",
            "31eccf8b-2a0d-4f8b-8045-73c3b55e7e36",
            "7cb80f75-2ccd-4bdb-a3c9-ec4e4b9b527e",
            "5a69a656-4145-4411-8bdb-703e365c8e32",
            "48f3fcef-4d25-4638-87c1-7e5446b3bddc",
            "e3366a84-1861-4488-bdc8-2c343cfdad4e"
          ],
          "pending": [],
          "skipped": [],
          "duration": 29713,
          "root": false,
          "rootEmpty": false,
          "_timeout": 2000
        },
        {
          "uuid": "7fe964b5-bfc5-46f7-949f-7a82ffc8a139",
          "title": "3 - Adicione a cor **preta** como a primeira cor da paleta de cores.",
          "fullFile": "",
          "file": "",
          "beforeHooks": [],
          "afterHooks": [],
          "tests": [
            {
              "title": "Verifica se a primeira cor da paleta é preta",
              "fullTitle": "3 - Adicione a cor **preta** como a primeira cor da paleta de cores. Verifica se a primeira cor da paleta é preta",
              "timedOut": null,
              "duration": 4282,
              "state": "failed",
              "speed": null,
              "pass": false,
              "fail": true,
              "pending": false,
              "context": null,
              "code": "cy.get('.color').first().should('have.css', 'background-color', BLACK);",
              "err": {
                "message": "CypressError: Timed out retrying: Expected to find element: '.color', but never found it.",
                "estack": "CypressError: Timed out retrying: Expected to find element: '.color', but never found it.\n    at cypressErr (http://localhost:46279/__cypress/runner/cypress_runner.js:149934:9)\n    at throwErr (http://localhost:46279/__cypress/runner/cypress_runner.js:149867:11)\n    at Object.throwErrByPath (http://localhost:46279/__cypress/runner/cypress_runner.js:149915:3)\n    at retry (http://localhost:46279/__cypress/runner/cypress_runner.js:144197:19)\n    at onFailFn (http://localhost:46279/__cypress/runner/cypress_runner.js:132448:16)\n    at tryCatcher (http://localhost:46279/__cypress/runner/cypress_runner.js:167415:23)\n    at Promise._settlePromiseFromHandler (http://localhost:46279/__cypress/runner/cypress_runner.js:165351:31)\n    at Promise._settlePromise (http://localhost:46279/__cypress/runner/cypress_runner.js:165408:18)\n    at Promise._settlePromise0 (http://localhost:46279/__cypress/runner/cypress_runner.js:165453:10)\n    at Promise._settlePromises (http://localhost:46279/__cypress/runner/cypress_runner.js:165528:18)\n    at Async../node_modules/bluebird/js/release/async.js.Async._drainQueue (http://localhost:46279/__cypress/runner/cypress_runner.js:162140:16)\n    at Async../node_modules/bluebird/js/release/async.js.Async._drainQueues (http://localhost:46279/__cypress/runner/cypress_runner.js:162150:10)\n    at Async.drainQueues (http://localhost:46279/__cypress/runner/cypress_runner.js:162024:14)",
                "diff": null
              },
              "uuid": "3fb447e8-331a-43fc-bdf2-ccad78fad067",
              "parentUUID": "7fe964b5-bfc5-46f7-949f-7a82ffc8a139",
              "isHook": false,
              "skipped": false
            },
            {
              "title": "Verifica se as demais cores podem ser escolhidas livremente.",
              "fullTitle": "3 - Adicione a cor **preta** como a primeira cor da paleta de cores. Verifica se as demais cores podem ser escolhidas livremente.",
              "timedOut": null,
              "duration": 4236,
              "state": "failed",
              "speed": null,
              "pass": false,
              "fail": true,
              "pending": false,
              "context": null,
              "code": "cy.get('.color').eq(1).should('not.have.css', 'background-color', BLACK);\ncy.get('.color').eq(1).should('not.have.css', 'background-color', WHITE);\ncy.get('.color').eq(1).should('not.have.css', 'background-color', 'rgba(0, 0, 0, 0)');\ncy.get('.color').eq(1).should('have.css', 'background-color');\ncy.get('.color').eq(2).should('not.have.css', 'background-color', BLACK);\ncy.get('.color').eq(2).should('not.have.css', 'background-color', WHITE);\ncy.get('.color').eq(2).should('not.have.css', 'background-color', 'rgba(0, 0, 0, 0)');\ncy.get('.color').eq(2).should('have.css', 'background-color');\ncy.get('.color').eq(3).should('not.have.css', 'background-color', BLACK);\ncy.get('.color').eq(3).should('not.have.css', 'background-color', WHITE);\ncy.get('.color').eq(3).should('not.have.css', 'background-color', 'rgba(0, 0, 0, 0)');\ncy.get('.color').eq(3).should('have.css', 'background-color');",
              "err": {
                "message": "CypressError: Timed out retrying: Expected to find element: '.color', but never found it.",
                "estack": "CypressError: Timed out retrying: Expected to find element: '.color', but never found it.\n    at cypressErr (http://localhost:46279/__cypress/runner/cypress_runner.js:149934:9)\n    at throwErr (http://localhost:46279/__cypress/runner/cypress_runner.js:149867:11)\n    at Object.throwErrByPath (http://localhost:46279/__cypress/runner/cypress_runner.js:149915:3)\n    at retry (http://localhost:46279/__cypress/runner/cypress_runner.js:144197:19)\n    at onFailFn (http://localhost:46279/__cypress/runner/cypress_runner.js:132448:16)\n    at tryCatcher (http://localhost:46279/__cypress/runner/cypress_runner.js:167415:23)\n    at Promise._settlePromiseFromHandler (http://localhost:46279/__cypress/runner/cypress_runner.js:165351:31)\n    at Promise._settlePromise (http://localhost:46279/__cypress/runner/cypress_runner.js:165408:18)\n    at Promise._settlePromise0 (http://localhost:46279/__cypress/runner/cypress_runner.js:165453:10)\n    at Promise._settlePromises (http://localhost:46279/__cypress/runner/cypress_runner.js:165528:18)\n    at Async../node_modules/bluebird/js/release/async.js.Async._drainQueue (http://localhost:46279/__cypress/runner/cypress_runner.js:162140:16)\n    at Async../node_modules/bluebird/js/release/async.js.Async._drainQueues (http://localhost:46279/__cypress/runner/cypress_runner.js:162150:10)\n    at Async.drainQueues (http://localhost:46279/__cypress/runner/cypress_runner.js:162024:14)",
                "diff": null
              },
              "uuid": "5b23ecd3-77f8-4472-915e-1ecd2dd49e6e",
              "parentUUID": "7fe964b5-bfc5-46f7-949f-7a82ffc8a139",
              "isHook": false,
              "skipped": false
            }
          ],
          "suites": [],
          "passes": [],
          "failures": [
            "3fb447e8-331a-43fc-bdf2-ccad78fad067",
            "5b23ecd3-77f8-4472-915e-1ecd2dd49e6e"
          ],
          "pending": [],
          "skipped": [],
          "duration": 8518,
          "root": false,
          "rootEmpty": false,
          "_timeout": 2000
        },
        {
          "uuid": "545b2534-de89-4f9a-85b1-5cd6aea6b302",
          "title": "4 - Adicione à página um quadro de pixels, com 25 pixels.",
          "fullFile": "",
          "file": "",
          "beforeHooks": [],
          "afterHooks": [],
          "tests": [
            {
              "title": "Verifica se o quadro de pixels possui o `id` denominado `pixel-board`",
              "fullTitle": "4 - Adicione à página um quadro de pixels, com 25 pixels. Verifica se o quadro de pixels possui o `id` denominado `pixel-board`",
              "timedOut": null,
              "duration": 4269,
              "state": "failed",
              "speed": null,
              "pass": false,
              "fail": true,
              "pending": false,
              "context": null,
              "code": "cy.get('#pixel-board').should('be.visible');",
              "err": {
                "message": "CypressError: Timed out retrying: Expected to find element: '#pixel-board', but never found it.",
                "estack": "CypressError: Timed out retrying: Expected to find element: '#pixel-board', but never found it.\n    at cypressErr (http://localhost:46279/__cypress/runner/cypress_runner.js:149934:9)\n    at throwErr (http://localhost:46279/__cypress/runner/cypress_runner.js:149867:11)\n    at Object.throwErrByPath (http://localhost:46279/__cypress/runner/cypress_runner.js:149915:3)\n    at retry (http://localhost:46279/__cypress/runner/cypress_runner.js:144197:19)\n    at onFailFn (http://localhost:46279/__cypress/runner/cypress_runner.js:132448:16)\n    at tryCatcher (http://localhost:46279/__cypress/runner/cypress_runner.js:167415:23)\n    at Promise._settlePromiseFromHandler (http://localhost:46279/__cypress/runner/cypress_runner.js:165351:31)\n    at Promise._settlePromise (http://localhost:46279/__cypress/runner/cypress_runner.js:165408:18)\n    at Promise._settlePromise0 (http://localhost:46279/__cypress/runner/cypress_runner.js:165453:10)\n    at Promise._settlePromises (http://localhost:46279/__cypress/runner/cypress_runner.js:165528:18)\n    at Async../node_modules/bluebird/js/release/async.js.Async._drainQueue (http://localhost:46279/__cypress/runner/cypress_runner.js:162140:16)\n    at Async../node_modules/bluebird/js/release/async.js.Async._drainQueues (http://localhost:46279/__cypress/runner/cypress_runner.js:162150:10)\n    at Async.drainQueues (http://localhost:46279/__cypress/runner/cypress_runner.js:162024:14)",
                "diff": null
              },
              "uuid": "e3a0ca36-edca-43fc-9156-c0c6fc52ab3d",
              "parentUUID": "545b2534-de89-4f9a-85b1-5cd6aea6b302",
              "isHook": false,
              "skipped": false
            },
            {
              "title": "Verifica se cada pixel individual dentro do quadro possui a `classe` denominada `pixel`.",
              "fullTitle": "4 - Adicione à página um quadro de pixels, com 25 pixels. Verifica se cada pixel individual dentro do quadro possui a `classe` denominada `pixel`.",
              "timedOut": null,
              "duration": 4253,
              "state": "failed",
              "speed": null,
              "pass": false,
              "fail": true,
              "pending": false,
              "context": null,
              "code": "cy.get('.pixel').should('have.length', 25);",
              "err": {
                "message": "CypressError: Timed out retrying: Expected to find element: '.pixel', but never found it.",
                "estack": "CypressError: Timed out retrying: Expected to find element: '.pixel', but never found it.\n    at cypressErr (http://localhost:46279/__cypress/runner/cypress_runner.js:149934:9)\n    at throwErr (http://localhost:46279/__cypress/runner/cypress_runner.js:149867:11)\n    at Object.throwErrByPath (http://localhost:46279/__cypress/runner/cypress_runner.js:149915:3)\n    at retry (http://localhost:46279/__cypress/runner/cypress_runner.js:144197:19)\n    at onFailFn (http://localhost:46279/__cypress/runner/cypress_runner.js:132448:16)\n    at tryCatcher (http://localhost:46279/__cypress/runner/cypress_runner.js:167415:23)\n    at Promise._settlePromiseFromHandler (http://localhost:46279/__cypress/runner/cypress_runner.js:165351:31)\n    at Promise._settlePromise (http://localhost:46279/__cypress/runner/cypress_runner.js:165408:18)\n    at Promise._settlePromise0 (http://localhost:46279/__cypress/runner/cypress_runner.js:165453:10)\n    at Promise._settlePromises (http://localhost:46279/__cypress/runner/cypress_runner.js:165528:18)\n    at Async../node_modules/bluebird/js/release/async.js.Async._drainQueue (http://localhost:46279/__cypress/runner/cypress_runner.js:162140:16)\n    at Async../node_modules/bluebird/js/release/async.js.Async._drainQueues (http://localhost:46279/__cypress/runner/cypress_runner.js:162150:10)\n    at Async.drainQueues (http://localhost:46279/__cypress/runner/cypress_runner.js:162024:14)",
                "diff": null
              },
              "uuid": "734fe07a-020d-476e-9116-6a3b14b707fa",
              "parentUUID": "545b2534-de89-4f9a-85b1-5cd6aea6b302",
              "isHook": false,
              "skipped": false
            },
            {
              "title": "Verifica se a cor inicial dos pixels dentro do quadro, ao abrir a página, é branca.",
              "fullTitle": "4 - Adicione à página um quadro de pixels, com 25 pixels. Verifica se a cor inicial dos pixels dentro do quadro, ao abrir a página, é branca.",
              "timedOut": null,
              "duration": 4275,
              "state": "failed",
              "speed": null,
              "pass": false,
              "fail": true,
              "pending": false,
              "context": null,
              "code": "cy.get('.pixel').should('have.length', 25).each(function (pixel) {\n  expect(pixel).to.have.css('background-color', WHITE);\n});",
              "err": {
                "message": "CypressError: Timed out retrying: Expected to find element: '.pixel', but never found it.",
                "estack": "CypressError: Timed out retrying: Expected to find element: '.pixel', but never found it.\n    at cypressErr (http://localhost:46279/__cypress/runner/cypress_runner.js:149934:9)\n    at throwErr (http://localhost:46279/__cypress/runner/cypress_runner.js:149867:11)\n    at Object.throwErrByPath (http://localhost:46279/__cypress/runner/cypress_runner.js:149915:3)\n    at retry (http://localhost:46279/__cypress/runner/cypress_runner.js:144197:19)\n    at onFailFn (http://localhost:46279/__cypress/runner/cypress_runner.js:132448:16)\n    at tryCatcher (http://localhost:46279/__cypress/runner/cypress_runner.js:167415:23)\n    at Promise._settlePromiseFromHandler (http://localhost:46279/__cypress/runner/cypress_runner.js:165351:31)\n    at Promise._settlePromise (http://localhost:46279/__cypress/runner/cypress_runner.js:165408:18)\n    at Promise._settlePromise0 (http://localhost:46279/__cypress/runner/cypress_runner.js:165453:10)\n    at Promise._settlePromises (http://localhost:46279/__cypress/runner/cypress_runner.js:165528:18)\n    at Async../node_modules/bluebird/js/release/async.js.Async._drainQueue (http://localhost:46279/__cypress/runner/cypress_runner.js:162140:16)\n    at Async../node_modules/bluebird/js/release/async.js.Async._drainQueues (http://localhost:46279/__cypress/runner/cypress_runner.js:162150:10)\n    at Async.drainQueues (http://localhost:46279/__cypress/runner/cypress_runner.js:162024:14)",
                "diff": null
              },
              "uuid": "6eaac48e-37b0-4b4a-aa68-303c91048d89",
              "parentUUID": "545b2534-de89-4f9a-85b1-5cd6aea6b302",
              "isHook": false,
              "skipped": false
            },
            {
              "title": "Verifica se o quadro de pixels aparece abaixo da paleta de cores",
              "fullTitle": "4 - Adicione à página um quadro de pixels, com 25 pixels. Verifica se o quadro de pixels aparece abaixo da paleta de cores",
              "timedOut": null,
              "duration": 4310,
              "state": "failed",
              "speed": null,
              "pass": false,
              "fail": true,
              "pending": false,
              "context": null,
              "code": "cy.get('#color-palette').then(function (palette) {\n  cy.get('#pixel-board').should('be.belowOf', palette);\n});",
              "err": {
                "message": "CypressError: Timed out retrying: Expected to find element: '#color-palette', but never found it.",
                "estack": "CypressError: Timed out retrying: Expected to find element: '#color-palette', but never found it.\n    at cypressErr (http://localhost:46279/__cypress/runner/cypress_runner.js:149934:9)\n    at throwErr (http://localhost:46279/__cypress/runner/cypress_runner.js:149867:11)\n    at Object.throwErrByPath (http://localhost:46279/__cypress/runner/cypress_runner.js:149915:3)\n    at retry (http://localhost:46279/__cypress/runner/cypress_runner.js:144197:19)\n    at onFailFn (http://localhost:46279/__cypress/runner/cypress_runner.js:132448:16)\n    at tryCatcher (http://localhost:46279/__cypress/runner/cypress_runner.js:167415:23)\n    at Promise._settlePromiseFromHandler (http://localhost:46279/__cypress/runner/cypress_runner.js:165351:31)\n    at Promise._settlePromise (http://localhost:46279/__cypress/runner/cypress_runner.js:165408:18)\n    at Promise._settlePromise0 (http://localhost:46279/__cypress/runner/cypress_runner.js:165453:10)\n    at Promise._settlePromises (http://localhost:46279/__cypress/runner/cypress_runner.js:165528:18)\n    at Async../node_modules/bluebird/js/release/async.js.Async._drainQueue (http://localhost:46279/__cypress/runner/cypress_runner.js:162140:16)\n    at Async../node_modules/bluebird/js/release/async.js.Async._drainQueues (http://localhost:46279/__cypress/runner/cypress_runner.js:162150:10)\n    at Async.drainQueues (http://localhost:46279/__cypress/runner/cypress_runner.js:162024:14)",
                "diff": null
              },
              "uuid": "a739a63a-a9ca-43a2-89df-cf7432fb1047",
              "parentUUID": "545b2534-de89-4f9a-85b1-5cd6aea6b302",
              "isHook": false,
              "skipped": false
            }
          ],
          "suites": [],
          "passes": [],
          "failures": [
            "e3a0ca36-edca-43fc-9156-c0c6fc52ab3d",
            "734fe07a-020d-476e-9116-6a3b14b707fa",
            "6eaac48e-37b0-4b4a-aa68-303c91048d89",
            "a739a63a-a9ca-43a2-89df-cf7432fb1047"
          ],
          "pending": [],
          "skipped": [],
          "duration": 17107,
          "root": false,
          "rootEmpty": false,
          "_timeout": 2000
        },
        {
          "uuid": "d77d6086-28ce-43f7-8938-e2a5be382b54",
          "title": "5 - Faça com que cada elemento do quadro de pixels possua 40 pixels de largura, 40 pixels de altura e seja delimitado por uma borda preta de 1 pixel.",
          "fullFile": "",
          "file": "",
          "beforeHooks": [],
          "afterHooks": [],
          "tests": [
            {
              "title": "Verifica se o quadro de pixels tem altura e comprimento de 5 elementos",
              "fullTitle": "5 - Faça com que cada elemento do quadro de pixels possua 40 pixels de largura, 40 pixels de altura e seja delimitado por uma borda preta de 1 pixel. Verifica se o quadro de pixels tem altura e comprimento de 5 elementos",
              "timedOut": null,
              "duration": 4268,
              "state": "failed",
              "speed": null,
              "pass": false,
              "fail": true,
              "pending": false,
              "context": null,
              "code": "cy.get('.pixel').should('have.length', 25).each(function (pixel) {\n  expect(pixel).to.have.css('background-color', WHITE);\n}).and(function (pixels) {\n  var rows = chunk(pixels, 5);\n  rows.forEach(function (row) {\n    for (var index = 1; index < row.length; index += 1) {\n      var current = pixels[index];\n      var previous = pixels[index - 1];\n      cy.wrap(current).should('be.onTheRightOf', previous).and('be.horizontallyAlignedWith', previous);\n    }\n  });\n  for (var index = 1; index < 5; index += 1) {\n    expect(pixels[index * 5]).to.be.belowOf(pixels[(index - 1) * 5]);\n  }\n});",
              "err": {
                "message": "CypressError: Timed out retrying: Expected to find element: '.pixel', but never found it.",
                "estack": "CypressError: Timed out retrying: Expected to find element: '.pixel', but never found it.\n    at cypressErr (http://localhost:46279/__cypress/runner/cypress_runner.js:149934:9)\n    at throwErr (http://localhost:46279/__cypress/runner/cypress_runner.js:149867:11)\n    at Object.throwErrByPath (http://localhost:46279/__cypress/runner/cypress_runner.js:149915:3)\n    at retry (http://localhost:46279/__cypress/runner/cypress_runner.js:144197:19)\n    at onFailFn (http://localhost:46279/__cypress/runner/cypress_runner.js:132448:16)\n    at tryCatcher (http://localhost:46279/__cypress/runner/cypress_runner.js:167415:23)\n    at Promise._settlePromiseFromHandler (http://localhost:46279/__cypress/runner/cypress_runner.js:165351:31)\n    at Promise._settlePromise (http://localhost:46279/__cypress/runner/cypress_runner.js:165408:18)\n    at Promise._settlePromise0 (http://localhost:46279/__cypress/runner/cypress_runner.js:165453:10)\n    at Promise._settlePromises (http://localhost:46279/__cypress/runner/cypress_runner.js:165528:18)\n    at Async../node_modules/bluebird/js/release/async.js.Async._drainQueue (http://localhost:46279/__cypress/runner/cypress_runner.js:162140:16)\n    at Async../node_modules/bluebird/js/release/async.js.Async._drainQueues (http://localhost:46279/__cypress/runner/cypress_runner.js:162150:10)\n    at Async.drainQueues (http://localhost:46279/__cypress/runner/cypress_runner.js:162024:14)",
                "diff": null
              },
              "uuid": "fd0d56cb-a105-4c2c-a1ca-c0692840ec48",
              "parentUUID": "d77d6086-28ce-43f7-8938-e2a5be382b54",
              "isHook": false,
              "skipped": false
            },
            {
              "title": "Verifica se 40 pixels é o tamanho total do elemento, incluindo seu conteúdo e excluindo a borda preta, que deve ser criada à parte.",
              "fullTitle": "5 - Faça com que cada elemento do quadro de pixels possua 40 pixels de largura, 40 pixels de altura e seja delimitado por uma borda preta de 1 pixel. Verifica se 40 pixels é o tamanho total do elemento, incluindo seu conteúdo e excluindo a borda preta, que deve ser criada à parte.",
              "timedOut": null,
              "duration": 4294,
              "state": "failed",
              "speed": null,
              "pass": false,
              "fail": true,
              "pending": false,
              "context": null,
              "code": "cy.get('.pixel').each(function (pixel) {\n  cy.wrap(pixel).should('have.css', 'height', '40px').and('have.css', 'width', '40px').and('have.css', 'border', \"1px solid \".concat(BLACK));\n});",
              "err": {
                "message": "CypressError: Timed out retrying: Expected to find element: '.pixel', but never found it.",
                "estack": "CypressError: Timed out retrying: Expected to find element: '.pixel', but never found it.\n    at cypressErr (http://localhost:46279/__cypress/runner/cypress_runner.js:149934:9)\n    at throwErr (http://localhost:46279/__cypress/runner/cypress_runner.js:149867:11)\n    at Object.throwErrByPath (http://localhost:46279/__cypress/runner/cypress_runner.js:149915:3)\n    at retry (http://localhost:46279/__cypress/runner/cypress_runner.js:144197:19)\n    at onFailFn (http://localhost:46279/__cypress/runner/cypress_runner.js:132448:16)\n    at tryCatcher (http://localhost:46279/__cypress/runner/cypress_runner.js:167415:23)\n    at Promise._settlePromiseFromHandler (http://localhost:46279/__cypress/runner/cypress_runner.js:165351:31)\n    at Promise._settlePromise (http://localhost:46279/__cypress/runner/cypress_runner.js:165408:18)\n    at Promise._settlePromise0 (http://localhost:46279/__cypress/runner/cypress_runner.js:165453:10)\n    at Promise._settlePromises (http://localhost:46279/__cypress/runner/cypress_runner.js:165528:18)\n    at Async../node_modules/bluebird/js/release/async.js.Async._drainQueue (http://localhost:46279/__cypress/runner/cypress_runner.js:162140:16)\n    at Async../node_modules/bluebird/js/release/async.js.Async._drainQueues (http://localhost:46279/__cypress/runner/cypress_runner.js:162150:10)\n    at Async.drainQueues (http://localhost:46279/__cypress/runner/cypress_runner.js:162024:14)",
                "diff": null
              },
              "uuid": "a5274f57-b25b-4ab2-9b5f-ed033d9172c3",
              "parentUUID": "d77d6086-28ce-43f7-8938-e2a5be382b54",
              "isHook": false,
              "skipped": false
            }
          ],
          "suites": [],
          "passes": [],
          "failures": [
            "fd0d56cb-a105-4c2c-a1ca-c0692840ec48",
            "a5274f57-b25b-4ab2-9b5f-ed033d9172c3"
          ],
          "pending": [],
          "skipped": [],
          "duration": 8562,
          "root": false,
          "rootEmpty": false,
          "_timeout": 2000
        },
        {
          "uuid": "8d375a93-f46e-4735-9c99-ed0b22f38d81",
          "title": "6 - Defina a cor preta como cor inicial. Ao carregar a página a cor preta já deve estar selecionada para pintar os pixels",
          "fullFile": "",
          "file": "",
          "beforeHooks": [],
          "afterHooks": [],
          "tests": [
            {
              "title": "Verifica se o elemento da cor preta possui, inicialmente, a `classe` `selected`",
              "fullTitle": "6 - Defina a cor preta como cor inicial. Ao carregar a página a cor preta já deve estar selecionada para pintar os pixels Verifica se o elemento da cor preta possui, inicialmente, a `classe` `selected`",
              "timedOut": null,
              "duration": 4272,
              "state": "failed",
              "speed": null,
              "pass": false,
              "fail": true,
              "pending": false,
              "context": null,
              "code": "cy.get('.selected').first().should('have.css', 'background-color', BLACK);",
              "err": {
                "message": "CypressError: Timed out retrying: Expected to find element: '.selected', but never found it.",
                "estack": "CypressError: Timed out retrying: Expected to find element: '.selected', but never found it.\n    at cypressErr (http://localhost:46279/__cypress/runner/cypress_runner.js:149934:9)\n    at throwErr (http://localhost:46279/__cypress/runner/cypress_runner.js:149867:11)\n    at Object.throwErrByPath (http://localhost:46279/__cypress/runner/cypress_runner.js:149915:3)\n    at retry (http://localhost:46279/__cypress/runner/cypress_runner.js:144197:19)\n    at onFailFn (http://localhost:46279/__cypress/runner/cypress_runner.js:132448:16)\n    at tryCatcher (http://localhost:46279/__cypress/runner/cypress_runner.js:167415:23)\n    at Promise._settlePromiseFromHandler (http://localhost:46279/__cypress/runner/cypress_runner.js:165351:31)\n    at Promise._settlePromise (http://localhost:46279/__cypress/runner/cypress_runner.js:165408:18)\n    at Promise._settlePromise0 (http://localhost:46279/__cypress/runner/cypress_runner.js:165453:10)\n    at Promise._settlePromises (http://localhost:46279/__cypress/runner/cypress_runner.js:165528:18)\n    at Async../node_modules/bluebird/js/release/async.js.Async._drainQueue (http://localhost:46279/__cypress/runner/cypress_runner.js:162140:16)\n    at Async../node_modules/bluebird/js/release/async.js.Async._drainQueues (http://localhost:46279/__cypress/runner/cypress_runner.js:162150:10)\n    at Async.drainQueues (http://localhost:46279/__cypress/runner/cypress_runner.js:162024:14)",
                "diff": null
              },
              "uuid": "74d15344-4fed-433c-89e4-0ce9ea42bcce",
              "parentUUID": "8d375a93-f46e-4735-9c99-ed0b22f38d81",
              "isHook": false,
              "skipped": false
            },
            {
              "title": "Verifica se nenhuma outra cor da paleta tem a `classe` `selected`",
              "fullTitle": "6 - Defina a cor preta como cor inicial. Ao carregar a página a cor preta já deve estar selecionada para pintar os pixels Verifica se nenhuma outra cor da paleta tem a `classe` `selected`",
              "timedOut": null,
              "duration": 4292,
              "state": "failed",
              "speed": null,
              "pass": false,
              "fail": true,
              "pending": false,
              "context": null,
              "code": "cy.get('.color:not(:first-child)').each(function (color) {\n  cy.wrap(color).should('not.have.class', 'selected');\n});",
              "err": {
                "message": "CypressError: Timed out retrying: Expected to find element: '.color:not(:first-child)', but never found it.",
                "estack": "CypressError: Timed out retrying: Expected to find element: '.color:not(:first-child)', but never found it.\n    at cypressErr (http://localhost:46279/__cypress/runner/cypress_runner.js:149934:9)\n    at throwErr (http://localhost:46279/__cypress/runner/cypress_runner.js:149867:11)\n    at Object.throwErrByPath (http://localhost:46279/__cypress/runner/cypress_runner.js:149915:3)\n    at retry (http://localhost:46279/__cypress/runner/cypress_runner.js:144197:19)\n    at onFailFn (http://localhost:46279/__cypress/runner/cypress_runner.js:132448:16)\n    at tryCatcher (http://localhost:46279/__cypress/runner/cypress_runner.js:167415:23)\n    at Promise._settlePromiseFromHandler (http://localhost:46279/__cypress/runner/cypress_runner.js:165351:31)\n    at Promise._settlePromise (http://localhost:46279/__cypress/runner/cypress_runner.js:165408:18)\n    at Promise._settlePromise0 (http://localhost:46279/__cypress/runner/cypress_runner.js:165453:10)\n    at Promise._settlePromises (http://localhost:46279/__cypress/runner/cypress_runner.js:165528:18)\n    at Async../node_modules/bluebird/js/release/async.js.Async._drainQueue (http://localhost:46279/__cypress/runner/cypress_runner.js:162140:16)\n    at Async../node_modules/bluebird/js/release/async.js.Async._drainQueues (http://localhost:46279/__cypress/runner/cypress_runner.js:162150:10)\n    at Async.drainQueues (http://localhost:46279/__cypress/runner/cypress_runner.js:162024:14)",
                "diff": null
              },
              "uuid": "fb52ca58-5d0f-459f-98fe-6c20f53a4b68",
              "parentUUID": "8d375a93-f46e-4735-9c99-ed0b22f38d81",
              "isHook": false,
              "skipped": false
            }
          ],
          "suites": [],
          "passes": [],
          "failures": [
            "74d15344-4fed-433c-89e4-0ce9ea42bcce",
            "fb52ca58-5d0f-459f-98fe-6c20f53a4b68"
          ],
          "pending": [],
          "skipped": [],
          "duration": 8564,
          "root": false,
          "rootEmpty": false,
          "_timeout": 2000
        },
        {
          "uuid": "7a60663e-09bd-4775-b918-8627707a727c",
          "title": "7 - Clicar em uma das cores da paleta, faz com que ela seja selecionada e utilizada para preencher os pixels no quadro.",
          "fullFile": "",
          "file": "",
          "beforeHooks": [],
          "afterHooks": [],
          "tests": [
            {
              "title": "Verifica se somente uma cor da paleta de cores tem a classe `selected` de cada vez",
              "fullTitle": "7 - Clicar em uma das cores da paleta, faz com que ela seja selecionada e utilizada para preencher os pixels no quadro. Verifica se somente uma cor da paleta de cores tem a classe `selected` de cada vez",
              "timedOut": null,
              "duration": 4227,
              "state": "failed",
              "speed": null,
              "pass": false,
              "fail": true,
              "pending": false,
              "context": null,
              "code": "cy.get('.color').each(function (selectedColor, selectedColorIndex) {\n  cy.wrap(selectedColor).click();\n  cy.get('.color').each(function (color, colorIndex) {\n    if (colorIndex === selectedColorIndex) {\n      expect(color).to.have[\"class\"]('selected');\n    } else {\n      expect(color).not.to.have[\"class\"]('selected');\n    }\n  });\n});",
              "err": {
                "message": "CypressError: Timed out retrying: Expected to find element: '.color', but never found it.",
                "estack": "CypressError: Timed out retrying: Expected to find element: '.color', but never found it.\n    at cypressErr (http://localhost:46279/__cypress/runner/cypress_runner.js:149934:9)\n    at throwErr (http://localhost:46279/__cypress/runner/cypress_runner.js:149867:11)\n    at Object.throwErrByPath (http://localhost:46279/__cypress/runner/cypress_runner.js:149915:3)\n    at retry (http://localhost:46279/__cypress/runner/cypress_runner.js:144197:19)\n    at onFailFn (http://localhost:46279/__cypress/runner/cypress_runner.js:132448:16)\n    at tryCatcher (http://localhost:46279/__cypress/runner/cypress_runner.js:167415:23)\n    at Promise._settlePromiseFromHandler (http://localhost:46279/__cypress/runner/cypress_runner.js:165351:31)\n    at Promise._settlePromise (http://localhost:46279/__cypress/runner/cypress_runner.js:165408:18)\n    at Promise._settlePromise0 (http://localhost:46279/__cypress/runner/cypress_runner.js:165453:10)\n    at Promise._settlePromises (http://localhost:46279/__cypress/runner/cypress_runner.js:165528:18)\n    at Async../node_modules/bluebird/js/release/async.js.Async._drainQueue (http://localhost:46279/__cypress/runner/cypress_runner.js:162140:16)\n    at Async../node_modules/bluebird/js/release/async.js.Async._drainQueues (http://localhost:46279/__cypress/runner/cypress_runner.js:162150:10)\n    at Async.drainQueues (http://localhost:46279/__cypress/runner/cypress_runner.js:162024:14)",
                "diff": null
              },
              "uuid": "8b3b50c0-d8e6-43eb-a319-46f6a49a1e4c",
              "parentUUID": "7a60663e-09bd-4775-b918-8627707a727c",
              "isHook": false,
              "skipped": false
            },
            {
              "title": "Verifica se os pixels dentro do quadro não têm a classe `selected` quando são clicados",
              "fullTitle": "7 - Clicar em uma das cores da paleta, faz com que ela seja selecionada e utilizada para preencher os pixels no quadro. Verifica se os pixels dentro do quadro não têm a classe `selected` quando são clicados",
              "timedOut": null,
              "duration": 4266,
              "state": "failed",
              "speed": null,
              "pass": false,
              "fail": true,
              "pending": false,
              "context": null,
              "code": "cy.get('.color').each(function (color) {\n  var backgroundColor = color.css('background-color');\n  cy.wrap(color).click();\n  cy.get('.pixel').each(function (pixel) {\n    cy.wrap(pixel).click().should('not.have.class', 'selected');\n  });\n});",
              "err": {
                "message": "CypressError: Timed out retrying: Expected to find element: '.color', but never found it.",
                "estack": "CypressError: Timed out retrying: Expected to find element: '.color', but never found it.\n    at cypressErr (http://localhost:46279/__cypress/runner/cypress_runner.js:149934:9)\n    at throwErr (http://localhost:46279/__cypress/runner/cypress_runner.js:149867:11)\n    at Object.throwErrByPath (http://localhost:46279/__cypress/runner/cypress_runner.js:149915:3)\n    at retry (http://localhost:46279/__cypress/runner/cypress_runner.js:144197:19)\n    at onFailFn (http://localhost:46279/__cypress/runner/cypress_runner.js:132448:16)\n    at tryCatcher (http://localhost:46279/__cypress/runner/cypress_runner.js:167415:23)\n    at Promise._settlePromiseFromHandler (http://localhost:46279/__cypress/runner/cypress_runner.js:165351:31)\n    at Promise._settlePromise (http://localhost:46279/__cypress/runner/cypress_runner.js:165408:18)\n    at Promise._settlePromise0 (http://localhost:46279/__cypress/runner/cypress_runner.js:165453:10)\n    at Promise._settlePromises (http://localhost:46279/__cypress/runner/cypress_runner.js:165528:18)\n    at Async../node_modules/bluebird/js/release/async.js.Async._drainQueue (http://localhost:46279/__cypress/runner/cypress_runner.js:162140:16)\n    at Async../node_modules/bluebird/js/release/async.js.Async._drainQueues (http://localhost:46279/__cypress/runner/cypress_runner.js:162150:10)\n    at Async.drainQueues (http://localhost:46279/__cypress/runner/cypress_runner.js:162024:14)",
                "diff": null
              },
              "uuid": "965b8812-d5d8-4d10-a648-3ef099043248",
              "parentUUID": "7a60663e-09bd-4775-b918-8627707a727c",
              "isHook": false,
              "skipped": false
            }
          ],
          "suites": [],
          "passes": [],
          "failures": [
            "8b3b50c0-d8e6-43eb-a319-46f6a49a1e4c",
            "965b8812-d5d8-4d10-a648-3ef099043248"
          ],
          "pending": [],
          "skipped": [],
          "duration": 8493,
          "root": false,
          "rootEmpty": false,
          "_timeout": 2000
        },
        {
          "uuid": "3cde4aae-cdc1-4ecb-94ee-6f873289647d",
          "title": "8 - Clicar em um pixel dentro do quadro após selecionar uma cor na paleta, faz com que o pixel seja preenchido com a cor selecionada.",
          "fullFile": "",
          "file": "",
          "beforeHooks": [],
          "afterHooks": [],
          "tests": [
            {
              "title": "Verifica se ao carregar a página deve ser possível pintar os pixels de preto",
              "fullTitle": "8 - Clicar em um pixel dentro do quadro após selecionar uma cor na paleta, faz com que o pixel seja preenchido com a cor selecionada. Verifica se ao carregar a página deve ser possível pintar os pixels de preto",
              "timedOut": null,
              "duration": 4297,
              "state": "failed",
              "speed": null,
              "pass": false,
              "fail": true,
              "pending": false,
              "context": null,
              "code": "cy.get('.pixel').each(function (pixel) {\n  cy.wrap(pixel).click().should('have.css', 'background-color', BLACK);\n});",
              "err": {
                "message": "CypressError: Timed out retrying: Expected to find element: '.pixel', but never found it.",
                "estack": "CypressError: Timed out retrying: Expected to find element: '.pixel', but never found it.\n    at cypressErr (http://localhost:46279/__cypress/runner/cypress_runner.js:149934:9)\n    at throwErr (http://localhost:46279/__cypress/runner/cypress_runner.js:149867:11)\n    at Object.throwErrByPath (http://localhost:46279/__cypress/runner/cypress_runner.js:149915:3)\n    at retry (http://localhost:46279/__cypress/runner/cypress_runner.js:144197:19)\n    at onFailFn (http://localhost:46279/__cypress/runner/cypress_runner.js:132448:16)\n    at tryCatcher (http://localhost:46279/__cypress/runner/cypress_runner.js:167415:23)\n    at Promise._settlePromiseFromHandler (http://localhost:46279/__cypress/runner/cypress_runner.js:165351:31)\n    at Promise._settlePromise (http://localhost:46279/__cypress/runner/cypress_runner.js:165408:18)\n    at Promise._settlePromise0 (http://localhost:46279/__cypress/runner/cypress_runner.js:165453:10)\n    at Promise._settlePromises (http://localhost:46279/__cypress/runner/cypress_runner.js:165528:18)\n    at Async../node_modules/bluebird/js/release/async.js.Async._drainQueue (http://localhost:46279/__cypress/runner/cypress_runner.js:162140:16)\n    at Async../node_modules/bluebird/js/release/async.js.Async._drainQueues (http://localhost:46279/__cypress/runner/cypress_runner.js:162150:10)\n    at Async.drainQueues (http://localhost:46279/__cypress/runner/cypress_runner.js:162024:14)",
                "diff": null
              },
              "uuid": "edf41bec-374c-40ba-8841-b7eb27d3e76f",
              "parentUUID": "3cde4aae-cdc1-4ecb-94ee-6f873289647d",
              "isHook": false,
              "skipped": false
            },
            {
              "title": "Verifica se após selecionar uma outra cor na paleta, é possível pintar os pixels com essa cor",
              "fullTitle": "8 - Clicar em um pixel dentro do quadro após selecionar uma cor na paleta, faz com que o pixel seja preenchido com a cor selecionada. Verifica se após selecionar uma outra cor na paleta, é possível pintar os pixels com essa cor",
              "timedOut": null,
              "duration": 4266,
              "state": "failed",
              "speed": null,
              "pass": false,
              "fail": true,
              "pending": false,
              "context": null,
              "code": "cy.get('.color').each(function (color) {\n  var backgroundColor = color.css('background-color');\n  cy.wrap(color).click();\n  cy.get('.pixel').each(function (pixel) {\n    cy.wrap(pixel).click().should('have.css', 'background-color', backgroundColor);\n  });\n});",
              "err": {
                "message": "CypressError: Timed out retrying: Expected to find element: '.color', but never found it.",
                "estack": "CypressError: Timed out retrying: Expected to find element: '.color', but never found it.\n    at cypressErr (http://localhost:46279/__cypress/runner/cypress_runner.js:149934:9)\n    at throwErr (http://localhost:46279/__cypress/runner/cypress_runner.js:149867:11)\n    at Object.throwErrByPath (http://localhost:46279/__cypress/runner/cypress_runner.js:149915:3)\n    at retry (http://localhost:46279/__cypress/runner/cypress_runner.js:144197:19)\n    at onFailFn (http://localhost:46279/__cypress/runner/cypress_runner.js:132448:16)\n    at tryCatcher (http://localhost:46279/__cypress/runner/cypress_runner.js:167415:23)\n    at Promise._settlePromiseFromHandler (http://localhost:46279/__cypress/runner/cypress_runner.js:165351:31)\n    at Promise._settlePromise (http://localhost:46279/__cypress/runner/cypress_runner.js:165408:18)\n    at Promise._settlePromise0 (http://localhost:46279/__cypress/runner/cypress_runner.js:165453:10)\n    at Promise._settlePromises (http://localhost:46279/__cypress/runner/cypress_runner.js:165528:18)\n    at Async../node_modules/bluebird/js/release/async.js.Async._drainQueue (http://localhost:46279/__cypress/runner/cypress_runner.js:162140:16)\n    at Async../node_modules/bluebird/js/release/async.js.Async._drainQueues (http://localhost:46279/__cypress/runner/cypress_runner.js:162150:10)\n    at Async.drainQueues (http://localhost:46279/__cypress/runner/cypress_runner.js:162024:14)",
                "diff": null
              },
              "uuid": "8307908f-88d8-480d-b542-2c504dab4972",
              "parentUUID": "3cde4aae-cdc1-4ecb-94ee-6f873289647d",
              "isHook": false,
              "skipped": false
            },
            {
              "title": "Verifica se somente o pixel que foi clicado foi preenchido com a cor selecionada, sem influenciar na cor dos demais pixels.",
              "fullTitle": "8 - Clicar em um pixel dentro do quadro após selecionar uma cor na paleta, faz com que o pixel seja preenchido com a cor selecionada. Verifica se somente o pixel que foi clicado foi preenchido com a cor selecionada, sem influenciar na cor dos demais pixels.",
              "timedOut": null,
              "duration": 4411,
              "state": "failed",
              "speed": null,
              "pass": false,
              "fail": true,
              "pending": false,
              "context": null,
              "code": "var colorToPixelIndexMap = {\n  0: 6,\n  1: 8,\n  2: 16,\n  3: 18\n};\ncy.get('.color').each(function (color, index) {\n  cy.wrap(color).click();\n  var backgroundColor = color.css('background-color');\n  var clickedPixelIndex = colorToPixelIndexMap[index];\n  cy.get('.pixel').eq(clickedPixelIndex).click();\n  cy.get('.pixel').eq(clickedPixelIndex - 1).should('not.have.css', 'background-color', backgroundColor);\n  cy.get('.pixel').eq(clickedPixelIndex + 1).should('not.have.css', 'background-color', backgroundColor);\n  cy.get('.pixel').eq(clickedPixelIndex - 5).should('not.have.css', 'background-color', backgroundColor);\n  cy.get('.pixel').eq(clickedPixelIndex + 5).should('not.have.css', 'background-color', backgroundColor);\n  cy.get('.pixel').eq(clickedPixelIndex - 6).should('not.have.css', 'background-color', backgroundColor);\n  cy.get('.pixel').eq(clickedPixelIndex - 4).should('not.have.css', 'background-color', backgroundColor);\n  cy.get('.pixel').eq(clickedPixelIndex + 4).should('not.have.css', 'background-color', backgroundColor);\n  cy.get('.pixel').eq(clickedPixelIndex + 6).should('not.have.css', 'background-color', backgroundColor);\n});",
              "err": {
                "message": "CypressError: Timed out retrying: Expected to find element: '.color', but never found it.",
                "estack": "CypressError: Timed out retrying: Expected to find element: '.color', but never found it.\n    at cypressErr (http://localhost:46279/__cypress/runner/cypress_runner.js:149934:9)\n    at throwErr (http://localhost:46279/__cypress/runner/cypress_runner.js:149867:11)\n    at Object.throwErrByPath (http://localhost:46279/__cypress/runner/cypress_runner.js:149915:3)\n    at retry (http://localhost:46279/__cypress/runner/cypress_runner.js:144197:19)\n    at onFailFn (http://localhost:46279/__cypress/runner/cypress_runner.js:132448:16)\n    at tryCatcher (http://localhost:46279/__cypress/runner/cypress_runner.js:167415:23)\n    at Promise._settlePromiseFromHandler (http://localhost:46279/__cypress/runner/cypress_runner.js:165351:31)\n    at Promise._settlePromise (http://localhost:46279/__cypress/runner/cypress_runner.js:165408:18)\n    at Promise._settlePromise0 (http://localhost:46279/__cypress/runner/cypress_runner.js:165453:10)\n    at Promise._settlePromises (http://localhost:46279/__cypress/runner/cypress_runner.js:165528:18)\n    at Async../node_modules/bluebird/js/release/async.js.Async._drainQueue (http://localhost:46279/__cypress/runner/cypress_runner.js:162140:16)\n    at Async../node_modules/bluebird/js/release/async.js.Async._drainQueues (http://localhost:46279/__cypress/runner/cypress_runner.js:162150:10)\n    at Async.drainQueues (http://localhost:46279/__cypress/runner/cypress_runner.js:162024:14)",
                "diff": null
              },
              "uuid": "b928dace-f75c-462d-9043-dbaab75f7c85",
              "parentUUID": "3cde4aae-cdc1-4ecb-94ee-6f873289647d",
              "isHook": false,
              "skipped": false
            }
          ],
          "suites": [],
          "passes": [],
          "failures": [
            "edf41bec-374c-40ba-8841-b7eb27d3e76f",
            "8307908f-88d8-480d-b542-2c504dab4972",
            "b928dace-f75c-462d-9043-dbaab75f7c85"
          ],
          "pending": [],
          "skipped": [],
          "duration": 12974,
          "root": false,
          "rootEmpty": false,
          "_timeout": 2000
        },
        {
          "uuid": "6def2f5d-b085-48a0-81d0-f9ea4dd842b6",
          "title": "9 - Crie um botão que, ao ser clicado, limpa o quadro preenchendo a cor de todos seus pixels com branco.",
          "fullFile": "",
          "file": "",
          "beforeHooks": [],
          "afterHooks": [],
          "tests": [
            {
              "title": "Verifica se o botão tem o `id` denominado `clear-board`",
              "fullTitle": "9 - Crie um botão que, ao ser clicado, limpa o quadro preenchendo a cor de todos seus pixels com branco. Verifica se o botão tem o `id` denominado `clear-board`",
              "timedOut": null,
              "duration": 4323,
              "state": "failed",
              "speed": null,
              "pass": false,
              "fail": true,
              "pending": false,
              "context": null,
              "code": "cy.get('#clear-board').should('be.visible');",
              "err": {
                "message": "CypressError: Timed out retrying: Expected to find element: '#clear-board', but never found it.",
                "estack": "CypressError: Timed out retrying: Expected to find element: '#clear-board', but never found it.\n    at cypressErr (http://localhost:46279/__cypress/runner/cypress_runner.js:149934:9)\n    at throwErr (http://localhost:46279/__cypress/runner/cypress_runner.js:149867:11)\n    at Object.throwErrByPath (http://localhost:46279/__cypress/runner/cypress_runner.js:149915:3)\n    at retry (http://localhost:46279/__cypress/runner/cypress_runner.js:144197:19)\n    at onFailFn (http://localhost:46279/__cypress/runner/cypress_runner.js:132448:16)\n    at tryCatcher (http://localhost:46279/__cypress/runner/cypress_runner.js:167415:23)\n    at Promise._settlePromiseFromHandler (http://localhost:46279/__cypress/runner/cypress_runner.js:165351:31)\n    at Promise._settlePromise (http://localhost:46279/__cypress/runner/cypress_runner.js:165408:18)\n    at Promise._settlePromise0 (http://localhost:46279/__cypress/runner/cypress_runner.js:165453:10)\n    at Promise._settlePromises (http://localhost:46279/__cypress/runner/cypress_runner.js:165528:18)\n    at Async../node_modules/bluebird/js/release/async.js.Async._drainQueue (http://localhost:46279/__cypress/runner/cypress_runner.js:162140:16)\n    at Async../node_modules/bluebird/js/release/async.js.Async._drainQueues (http://localhost:46279/__cypress/runner/cypress_runner.js:162150:10)\n    at Async.drainQueues (http://localhost:46279/__cypress/runner/cypress_runner.js:162024:14)",
                "diff": null
              },
              "uuid": "f88d2f20-99d8-4c57-8ea1-b634be313603",
              "parentUUID": "6def2f5d-b085-48a0-81d0-f9ea4dd842b6",
              "isHook": false,
              "skipped": false
            },
            {
              "title": "Verifica se o botão está posicionado entre a paleta de cores e o quadro de pixels",
              "fullTitle": "9 - Crie um botão que, ao ser clicado, limpa o quadro preenchendo a cor de todos seus pixels com branco. Verifica se o botão está posicionado entre a paleta de cores e o quadro de pixels",
              "timedOut": null,
              "duration": 4298,
              "state": "failed",
              "speed": null,
              "pass": false,
              "fail": true,
              "pending": false,
              "context": null,
              "code": "cy.get('#color-palette').then(function (palette) {\n  cy.get('#clear-board').should('be.belowOf', palette);\n});\ncy.get('#clear-board').then(function (clearBtn) {\n  cy.get('#pixel-board').should('be.belowOf', clearBtn);\n});",
              "err": {
                "message": "CypressError: Timed out retrying: Expected to find element: '#color-palette', but never found it.",
                "estack": "CypressError: Timed out retrying: Expected to find element: '#color-palette', but never found it.\n    at cypressErr (http://localhost:46279/__cypress/runner/cypress_runner.js:149934:9)\n    at throwErr (http://localhost:46279/__cypress/runner/cypress_runner.js:149867:11)\n    at Object.throwErrByPath (http://localhost:46279/__cypress/runner/cypress_runner.js:149915:3)\n    at retry (http://localhost:46279/__cypress/runner/cypress_runner.js:144197:19)\n    at onFailFn (http://localhost:46279/__cypress/runner/cypress_runner.js:132448:16)\n    at tryCatcher (http://localhost:46279/__cypress/runner/cypress_runner.js:167415:23)\n    at Promise._settlePromiseFromHandler (http://localhost:46279/__cypress/runner/cypress_runner.js:165351:31)\n    at Promise._settlePromise (http://localhost:46279/__cypress/runner/cypress_runner.js:165408:18)\n    at Promise._settlePromise0 (http://localhost:46279/__cypress/runner/cypress_runner.js:165453:10)\n    at Promise._settlePromises (http://localhost:46279/__cypress/runner/cypress_runner.js:165528:18)\n    at Async../node_modules/bluebird/js/release/async.js.Async._drainQueue (http://localhost:46279/__cypress/runner/cypress_runner.js:162140:16)\n    at Async../node_modules/bluebird/js/release/async.js.Async._drainQueues (http://localhost:46279/__cypress/runner/cypress_runner.js:162150:10)\n    at Async.drainQueues (http://localhost:46279/__cypress/runner/cypress_runner.js:162024:14)",
                "diff": null
              },
              "uuid": "64d9516a-4ff1-4a70-aaac-e4f2edc1f147",
              "parentUUID": "6def2f5d-b085-48a0-81d0-f9ea4dd842b6",
              "isHook": false,
              "skipped": false
            },
            {
              "title": "Verifica se o texto do botão é 'Limpar'",
              "fullTitle": "9 - Crie um botão que, ao ser clicado, limpa o quadro preenchendo a cor de todos seus pixels com branco. Verifica se o texto do botão é 'Limpar'",
              "timedOut": null,
              "duration": 4277,
              "state": "failed",
              "speed": null,
              "pass": false,
              "fail": true,
              "pending": false,
              "context": null,
              "code": "cy.get('#clear-board').should('contain.text', 'Limpar');",
              "err": {
                "message": "CypressError: Timed out retrying: Expected to find element: '#clear-board', but never found it.",
                "estack": "CypressError: Timed out retrying: Expected to find element: '#clear-board', but never found it.\n    at cypressErr (http://localhost:46279/__cypress/runner/cypress_runner.js:149934:9)\n    at throwErr (http://localhost:46279/__cypress/runner/cypress_runner.js:149867:11)\n    at Object.throwErrByPath (http://localhost:46279/__cypress/runner/cypress_runner.js:149915:3)\n    at retry (http://localhost:46279/__cypress/runner/cypress_runner.js:144197:19)\n    at onFailFn (http://localhost:46279/__cypress/runner/cypress_runner.js:132448:16)\n    at tryCatcher (http://localhost:46279/__cypress/runner/cypress_runner.js:167415:23)\n    at Promise._settlePromiseFromHandler (http://localhost:46279/__cypress/runner/cypress_runner.js:165351:31)\n    at Promise._settlePromise (http://localhost:46279/__cypress/runner/cypress_runner.js:165408:18)\n    at Promise._settlePromise0 (http://localhost:46279/__cypress/runner/cypress_runner.js:165453:10)\n    at Promise._settlePromises (http://localhost:46279/__cypress/runner/cypress_runner.js:165528:18)\n    at Async../node_modules/bluebird/js/release/async.js.Async._drainQueue (http://localhost:46279/__cypress/runner/cypress_runner.js:162140:16)\n    at Async../node_modules/bluebird/js/release/async.js.Async._drainQueues (http://localhost:46279/__cypress/runner/cypress_runner.js:162150:10)\n    at Async.drainQueues (http://localhost:46279/__cypress/runner/cypress_runner.js:162024:14)",
                "diff": null
              },
              "uuid": "9e68a5d2-8afc-491d-abaa-61e38fa0221b",
              "parentUUID": "6def2f5d-b085-48a0-81d0-f9ea4dd842b6",
              "isHook": false,
              "skipped": false
            },
            {
              "title": "Verifica se ao clicar no botão, o quadro de pixels é totalmente preenchido de branco",
              "fullTitle": "9 - Crie um botão que, ao ser clicado, limpa o quadro preenchendo a cor de todos seus pixels com branco. Verifica se ao clicar no botão, o quadro de pixels é totalmente preenchido de branco",
              "timedOut": null,
              "duration": 4316,
              "state": "failed",
              "speed": null,
              "pass": false,
              "fail": true,
              "pending": false,
              "context": null,
              "code": "cy.get('.color').eq(1).then(function (color) {\n  var backgroundColor = color.css('background-color');\n  cy.wrap(color).click();\n  cy.get('.pixel').each(function (pixel) {\n    cy.wrap(pixel).click().should('have.css', 'background-color', backgroundColor);\n  });\n});\ncy.get('#clear-board').click();\ncy.get('.pixel').each(function (pixel) {\n  cy.wrap(pixel).should('have.css', 'background-color', WHITE);\n});",
              "err": {
                "message": "CypressError: Timed out retrying: Expected to find element: '.color', but never found it.",
                "estack": "CypressError: Timed out retrying: Expected to find element: '.color', but never found it.\n    at cypressErr (http://localhost:46279/__cypress/runner/cypress_runner.js:149934:9)\n    at throwErr (http://localhost:46279/__cypress/runner/cypress_runner.js:149867:11)\n    at Object.throwErrByPath (http://localhost:46279/__cypress/runner/cypress_runner.js:149915:3)\n    at retry (http://localhost:46279/__cypress/runner/cypress_runner.js:144197:19)\n    at onFailFn (http://localhost:46279/__cypress/runner/cypress_runner.js:132448:16)\n    at tryCatcher (http://localhost:46279/__cypress/runner/cypress_runner.js:167415:23)\n    at Promise._settlePromiseFromHandler (http://localhost:46279/__cypress/runner/cypress_runner.js:165351:31)\n    at Promise._settlePromise (http://localhost:46279/__cypress/runner/cypress_runner.js:165408:18)\n    at Promise._settlePromise0 (http://localhost:46279/__cypress/runner/cypress_runner.js:165453:10)\n    at Promise._settlePromises (http://localhost:46279/__cypress/runner/cypress_runner.js:165528:18)\n    at Async../node_modules/bluebird/js/release/async.js.Async._drainQueue (http://localhost:46279/__cypress/runner/cypress_runner.js:162140:16)\n    at Async../node_modules/bluebird/js/release/async.js.Async._drainQueues (http://localhost:46279/__cypress/runner/cypress_runner.js:162150:10)\n    at Async.drainQueues (http://localhost:46279/__cypress/runner/cypress_runner.js:162024:14)",
                "diff": null
              },
              "uuid": "543d1e72-6b79-43e3-800c-75ddca087306",
              "parentUUID": "6def2f5d-b085-48a0-81d0-f9ea4dd842b6",
              "isHook": false,
              "skipped": false
            }
          ],
          "suites": [],
          "passes": [],
          "failures": [
            "f88d2f20-99d8-4c57-8ea1-b634be313603",
            "64d9516a-4ff1-4a70-aaac-e4f2edc1f147",
            "9e68a5d2-8afc-491d-abaa-61e38fa0221b",
            "543d1e72-6b79-43e3-800c-75ddca087306"
          ],
          "pending": [],
[...]
                "diff": null
              },
              "uuid": "9b64d070-a223-47a7-97ca-1042cc107538",
              "parentUUID": "054c5f26-ddf0-4331-8078-2f3127d9936a",
              "isHook": false,
              "skipped": false
            },
            {
              "title": "Verifica se o novo quadro tem todos os pixels preenchidos com a cor branca",
              "fullTitle": "10 - Faça o quadro de pixels ter seu tamanho definido pelo usuário. Verifica se o novo quadro tem todos os pixels preenchidos com a cor branca",
              "timedOut": null,
              "duration": 4348,
              "state": "failed",
              "speed": null,
              "pass": false,
              "fail": true,
              "pending": false,
              "context": null,
              "code": "cy.get('#board-size').clear().type(6);\ncy.get('#generate-board').click();\ncy.get('.pixel').should('have.length', 36).each(function (pixel) {\n  expect(pixel).to.have.css('background-color', WHITE);\n});",
              "err": {
                "message": "CypressError: Timed out retrying: Expected to find element: '#board-size', but never found it.",
                "estack": "CypressError: Timed out retrying: Expected to find element: '#board-size', but never found it.\n    at cypressErr (http://localhost:46279/__cypress/runner/cypress_runner.js:149934:9)\n    at throwErr (http://localhost:46279/__cypress/runner/cypress_runner.js:149867:11)\n    at Object.throwErrByPath (http://localhost:46279/__cypress/runner/cypress_runner.js:149915:3)\n    at retry (http://localhost:46279/__cypress/runner/cypress_runner.js:144197:19)\n    at onFailFn (http://localhost:46279/__cypress/runner/cypress_runner.js:132448:16)\n    at tryCatcher (http://localhost:46279/__cypress/runner/cypress_runner.js:167415:23)\n    at Promise._settlePromiseFromHandler (http://localhost:46279/__cypress/runner/cypress_runner.js:165351:31)\n    at Promise._settlePromise (http://localhost:46279/__cypress/runner/cypress_runner.js:165408:18)\n    at Promise._settlePromise0 (http://localhost:46279/__cypress/runner/cypress_runner.js:165453:10)\n    at Promise._settlePromises (http://localhost:46279/__cypress/runner/cypress_runner.js:165528:18)\n    at Async../node_modules/bluebird/js/release/async.js.Async._drainQueue (http://localhost:46279/__cypress/runner/cypress_runner.js:162140:16)\n    at Async../node_modules/bluebird/js/release/async.js.Async._drainQueues (http://localhost:46279/__cypress/runner/cypress_runner.js:162150:10)\n    at Async.drainQueues (http://localhost:46279/__cypress/runner/cypress_runner.js:162024:14)",
                "diff": null
              },
              "uuid": "178d9149-3f9d-4a79-983b-9e72f7ebd840",
              "parentUUID": "054c5f26-ddf0-4331-8078-2f3127d9936a",
              "isHook": false,
              "skipped": false
            }
          ],
          "suites": [],
          "passes": [],
          "failures": [
            "3db66533-d9e7-4631-bb25-637c2c034cd6",
            "9e0cc72e-d2e1-4cf2-ade2-1bf6a9fe23bf",
            "8b5f7da2-80cc-4656-86a6-92bd28c01ca6",
            "d365bb61-2ef2-4684-8c70-0437d0e9b517",
            "33b05024-43ac-4ef4-ae95-7bd32ba07efa",
            "bf0b3168-dd93-42f1-9807-001e3941a69d",
            "6d44211d-45ae-4395-85c6-3d169da6600a",
            "9b64d070-a223-47a7-97ca-1042cc107538",
            "178d9149-3f9d-4a79-983b-9e72f7ebd840"
          ],
          "pending": [],
          "skipped": [],
          "duration": 39117,
          "root": false,
          "rootEmpty": false,
          "_timeout": 2000
        },
        {
          "uuid": "05d00750-6ff2-4f66-9959-fc0937d8f6d4",
          "title": "11 - Limite o tamanho mínimo e máximo do board.",
          "fullFile": "",
          "file": "",
          "beforeHooks": [],
          "afterHooks": [],
          "tests": [
            {
              "title": "Verifica se a altura máxima do board é 50",
              "fullTitle": "11 - Limite o tamanho mínimo e máximo do board. Verifica se a altura máxima do board é 50",
              "timedOut": null,
              "duration": 4380,
              "state": "failed",
              "speed": null,
              "pass": false,
              "fail": true,
              "pending": false,
              "context": null,
              "code": "cy.get('#board-size').clear().type(50);\ncy.get('#generate-board').click();\ncy.get('.pixel').should('have.length', 2500);",
              "err": {
                "message": "CypressError: Timed out retrying: Expected to find element: '#board-size', but never found it.",
                "estack": "CypressError: Timed out retrying: Expected to find element: '#board-size', but never found it.\n    at cypressErr (http://localhost:46279/__cypress/runner/cypress_runner.js:149934:9)\n    at throwErr (http://localhost:46279/__cypress/runner/cypress_runner.js:149867:11)\n    at Object.throwErrByPath (http://localhost:46279/__cypress/runner/cypress_runner.js:149915:3)\n    at retry (http://localhost:46279/__cypress/runner/cypress_runner.js:144197:19)\n    at onFailFn (http://localhost:46279/__cypress/runner/cypress_runner.js:132448:16)\n    at tryCatcher (http://localhost:46279/__cypress/runner/cypress_runner.js:167415:23)\n    at Promise._settlePromiseFromHandler (http://localhost:46279/__cypress/runner/cypress_runner.js:165351:31)\n    at Promise._settlePromise (http://localhost:46279/__cypress/runner/cypress_runner.js:165408:18)\n    at Promise._settlePromise0 (http://localhost:46279/__cypress/runner/cypress_runner.js:165453:10)\n    at Promise._settlePromises (http://localhost:46279/__cypress/runner/cypress_runner.js:165528:18)\n    at Async../node_modules/bluebird/js/release/async.js.Async._drainQueue (http://localhost:46279/__cypress/runner/cypress_runner.js:162140:16)\n    at Async../node_modules/bluebird/js/release/async.js.Async._drainQueues (http://localhost:46279/__cypress/runner/cypress_runner.js:162150:10)\n    at Async.drainQueues (http://localhost:46279/__cypress/runner/cypress_runner.js:162024:14)",
                "diff": null
              },
              "uuid": "1cdf4397-132d-40fc-b612-8ed0624b4b46",
              "parentUUID": "05d00750-6ff2-4f66-9959-fc0937d8f6d4",
              "isHook": false,
              "skipped": false
            },
            {
              "title": "Verifica se a altura do board é 5 quando um valor menor é colocado no input",
              "fullTitle": "11 - Limite o tamanho mínimo e máximo do board. Verifica se a altura do board é 5 quando um valor menor é colocado no input",
              "timedOut": null,
              "duration": 4358,
              "state": "failed",
              "speed": null,
              "pass": false,
              "fail": true,
              "pending": false,
              "context": null,
              "code": "cy.get('#board-size').clear().type(4);\ncy.get('#generate-board').click();\ncy.get('.pixel').should('have.length', 25);",
              "err": {
                "message": "CypressError: Timed out retrying: Expected to find element: '#board-size', but never found it.",
                "estack": "CypressError: Timed out retrying: Expected to find element: '#board-size', but never found it.\n    at cypressErr (http://localhost:46279/__cypress/runner/cypress_runner.js:149934:9)\n    at throwErr (http://localhost:46279/__cypress/runner/cypress_runner.js:149867:11)\n    at Object.throwErrByPath (http://localhost:46279/__cypress/runner/cypress_runner.js:149915:3)\n    at retry (http://localhost:46279/__cypress/runner/cypress_runner.js:144197:19)\n    at onFailFn (http://localhost:46279/__cypress/runner/cypress_runner.js:132448:16)\n    at tryCatcher (http://localhost:46279/__cypress/runner/cypress_runner.js:167415:23)\n    at Promise._settlePromiseFromHandler (http://localhost:46279/__cypress/runner/cypress_runner.js:165351:31)\n    at Promise._settlePromise (http://localhost:46279/__cypress/runner/cypress_runner.js:165408:18)\n    at Promise._settlePromise0 (http://localhost:46279/__cypress/runner/cypress_runner.js:165453:10)\n    at Promise._settlePromises (http://localhost:46279/__cypress/runner/cypress_runner.js:165528:18)\n    at Async../node_modules/bluebird/js/release/async.js.Async._drainQueue (http://localhost:46279/__cypress/runner/cypress_runner.js:162140:16)\n    at Async../node_modules/bluebird/js/release/async.js.Async._drainQueues (http://localhost:46279/__cypress/runner/cypress_runner.js:162150:10)\n    at Async.drainQueues (http://localhost:46279/__cypress/runner/cypress_runner.js:162024:14)",
                "diff": null
              },
              "uuid": "c4e293e0-a869-4898-949b-bb35ccca821a",
              "parentUUID": "05d00750-6ff2-4f66-9959-fc0937d8f6d4",
              "isHook": false,
              "skipped": false
            },
            {
              "title": "Verifica se a altura do board é 50 quando um valor maior é colocado no input",
              "fullTitle": "11 - Limite o tamanho mínimo e máximo do board. Verifica se a altura do board é 50 quando um valor maior é colocado no input",
              "timedOut": null,
              "duration": 4357,
              "state": "failed",
              "speed": null,
              "pass": false,
              "fail": true,
              "pending": false,
              "context": null,
              "code": "cy.get('#board-size').clear().type(51);\ncy.get('#generate-board').click();\ncy.get('.pixel').should('have.length', 2500);",
              "err": {
                "message": "CypressError: Timed out retrying: Expected to find element: '#board-size', but never found it.",
                "estack": "CypressError: Timed out retrying: Expected to find element: '#board-size', but never found it.\n    at cypressErr (http://localhost:46279/__cypress/runner/cypress_runner.js:149934:9)\n    at throwErr (http://localhost:46279/__cypress/runner/cypress_runner.js:149867:11)\n    at Object.throwErrByPath (http://localhost:46279/__cypress/runner/cypress_runner.js:149915:3)\n    at retry (http://localhost:46279/__cypress/runner/cypress_runner.js:144197:19)\n    at onFailFn (http://localhost:46279/__cypress/runner/cypress_runner.js:132448:16)\n    at tryCatcher (http://localhost:46279/__cypress/runner/cypress_runner.js:167415:23)\n    at Promise._settlePromiseFromHandler (http://localhost:46279/__cypress/runner/cypress_runner.js:165351:31)\n    at Promise._settlePromise (http://localhost:46279/__cypress/runner/cypress_runner.js:165408:18)\n    at Promise._settlePromise0 (http://localhost:46279/__cypress/runner/cypress_runner.js:165453:10)\n    at Promise._settlePromises (http://localhost:46279/__cypress/runner/cypress_runner.js:165528:18)\n    at Async../node_modules/bluebird/js/release/async.js.Async._drainQueue (http://localhost:46279/__cypress/runner/cypress_runner.js:162140:16)\n    at Async../node_modules/bluebird/js/release/async.js.Async._drainQueues (http://localhost:46279/__cypress/runner/cypress_runner.js:162150:10)\n    at Async.drainQueues (http://localhost:46279/__cypress/runner/cypress_runner.js:162024:14)",
                "diff": null
              },
              "uuid": "9ec22224-0b95-4b62-a10c-b2c7b5680a01",
              "parentUUID": "05d00750-6ff2-4f66-9959-fc0937d8f6d4",
              "isHook": false,
              "skipped": false
            }
          ],
          "suites": [],
          "passes": [],
          "failures": [
            "1cdf4397-132d-40fc-b612-8ed0624b4b46",
            "c4e293e0-a869-4898-949b-bb35ccca821a",
            "9ec22224-0b95-4b62-a10c-b2c7b5680a01"
          ],
          "pending": [],
          "skipped": [],
          "duration": 13095,
          "root": false,
          "rootEmpty": false,
          "_timeout": 2000
        },
        {
          "uuid": "7dd557c9-2c2e-473c-946f-7c7d2be93c0c",
          "title": "12 - Faça com que as cores da paleta sejam geradas aleatoriamente ao carregar a página.",
          "fullFile": "",
          "file": "",
          "beforeHooks": [],
          "afterHooks": [],
          "tests": [
            {
              "title": "Verifica se as cores geradas na paleta são diferentes a cada carregamento da página",
              "fullTitle": "12 - Faça com que as cores da paleta sejam geradas aleatoriamente ao carregar a página. Verifica se as cores geradas na paleta são diferentes a cada carregamento da página",
              "timedOut": null,
              "duration": 4333,
              "state": "failed",
              "speed": null,
              "pass": false,
              "fail": true,
              "pending": false,
              "context": null,
              "code": "cy.get('.color').then(function (colors) {\n  var currentColors;\n  var previousColors;\n  previousColors = Array.from(colors).map(function (color) {\n    return Cypress.$(color).css('background-color');\n  });\n  for (var i = 0; i < 5; i += 1) {\n    cy.reload();\n    cy.get('.color').then(function (colors) {\n      currentColors = Array.from(colors).map(function (color) {\n        return Cypress.$(color).css('background-color');\n      });\n      expect(currentColors).not.to.deep.equal(previousColors);\n      previousColors = currentColors;\n    });\n  }\n});",
              "err": {
                "message": "CypressError: Timed out retrying: Expected to find element: '.color', but never found it.",
                "estack": "CypressError: Timed out retrying: Expected to find element: '.color', but never found it.\n    at cypressErr (http://localhost:46279/__cypress/runner/cypress_runner.js:149934:9)\n    at throwErr (http://localhost:46279/__cypress/runner/cypress_runner.js:149867:11)\n    at Object.throwErrByPath (http://localhost:46279/__cypress/runner/cypress_runner.js:149915:3)\n    at retry (http://localhost:46279/__cypress/runner/cypress_runner.js:144197:19)\n    at onFailFn (http://localhost:46279/__cypress/runner/cypress_runner.js:132448:16)\n    at tryCatcher (http://localhost:46279/__cypress/runner/cypress_runner.js:167415:23)\n    at Promise._settlePromiseFromHandler (http://localhost:46279/__cypress/runner/cypress_runner.js:165351:31)\n    at Promise._settlePromise (http://localhost:46279/__cypress/runner/cypress_runner.js:165408:18)\n    at Promise._settlePromise0 (http://localhost:46279/__cypress/runner/cypress_runner.js:165453:10)\n    at Promise._settlePromises (http://localhost:46279/__cypress/runner/cypress_runner.js:165528:18)\n    at Async../node_modules/bluebird/js/release/async.js.Async._drainQueue (http://localhost:46279/__cypress/runner/cypress_runner.js:162140:16)\n    at Async../node_modules/bluebird/js/release/async.js.Async._drainQueues (http://localhost:46279/__cypress/runner/cypress_runner.js:162150:10)\n    at Async.drainQueues (http://localhost:46279/__cypress/runner/cypress_runner.js:162024:14)",
                "diff": null
              },
              "uuid": "f34c096d-4b58-4431-968a-075c0d98cde6",
              "parentUUID": "7dd557c9-2c2e-473c-946f-7c7d2be93c0c",
              "isHook": false,
              "skipped": false
            },
            {
              "title": "Verifica se a cor preta ainda está presente e é a primeira na sua paleta de cores",
              "fullTitle": "12 - Faça com que as cores da paleta sejam geradas aleatoriamente ao carregar a página. Verifica se a cor preta ainda está presente e é a primeira na sua paleta de cores",
              "timedOut": null,
              "duration": 4339,
              "state": "failed",
              "speed": null,
              "pass": false,
              "fail": true,
              "pending": false,
              "context": null,
              "code": "cy.get('.color').then(function (colors) {\n  var currentColors;\n  var previousColors;\n  previousColors = Array.from(colors).map(function (color) {\n    return Cypress.$(color).css('background-color');\n  });\n  expect(previousColors[0]).to.eq(BLACK);\n  for (var i = 0; i < 5; i += 1) {\n    cy.reload();\n    cy.get('.color').then(function (colors) {\n      currentColors = Array.from(colors).map(function (color) {\n        return Cypress.$(color).css('background-color');\n      });\n      expect(currentColors[0]).to.eq(BLACK);\n      expect(currentColors).not.to.deep.equal(previousColors);\n      previousColors = currentColors;\n    });\n  }\n});",
              "err": {
                "message": "CypressError: Timed out retrying: Expected to find element: '.color', but never found it.",
                "estack": "CypressError: Timed out retrying: Expected to find element: '.color', but never found it.\n    at cypressErr (http://localhost:46279/__cypress/runner/cypress_runner.js:149934:9)\n    at throwErr (http://localhost:46279/__cypress/runner/cypress_runner.js:149867:11)\n    at Object.throwErrByPath (http://localhost:46279/__cypress/runner/cypress_runner.js:149915:3)\n    at retry (http://localhost:46279/__cypress/runner/cypress_runner.js:144197:19)\n    at onFailFn (http://localhost:46279/__cypress/runner/cypress_runner.js:132448:16)\n    at tryCatcher (http://localhost:46279/__cypress/runner/cypress_runner.js:167415:23)\n    at Promise._settlePromiseFromHandler (http://localhost:46279/__cypress/runner/cypress_runner.js:165351:31)\n    at Promise._settlePromise (http://localhost:46279/__cypress/runner/cypress_runner.js:165408:18)\n    at Promise._settlePromise0 (http://localhost:46279/__cypress/runner/cypress_runner.js:165453:10)\n    at Promise._settlePromises (http://localhost:46279/__cypress/runner/cypress_runner.js:165528:18)\n    at Async../node_modules/bluebird/js/release/async.js.Async._drainQueue (http://localhost:46279/__cypress/runner/cypress_runner.js:162140:16)\n    at Async../node_modules/bluebird/js/release/async.js.Async._drainQueues (http://localhost:46279/__cypress/runner/cypress_runner.js:162150:10)\n    at Async.drainQueues (http://localhost:46279/__cypress/runner/cypress_runner.js:162024:14)",
                "diff": null
              },
              "uuid": "837f6497-10f1-4b61-add8-e6e18750146f",
              "parentUUID": "7dd557c9-2c2e-473c-946f-7c7d2be93c0c",
              "isHook": false,
              "skipped": false
            }
          ],
          "suites": [],
          "passes": [],
          "failures": [
            "f34c096d-4b58-4431-968a-075c0d98cde6",
            "837f6497-10f1-4b61-add8-e6e18750146f"
          ],
          "pending": [],
          "skipped": [],
          "duration": 8672,
          "root": false,
          "rootEmpty": false,
          "_timeout": 2000
        }
      ],
      "passes": [],
      "failures": [],
      "pending": [],
      "skipped": [],
      "duration": 0,
      "root": true,
      "rootEmpty": true,
      "_timeout": 2000
    }
  ],
  "meta": {
    "mocha": {
      "version": "7.0.1"
    },
    "mochawesome": {
      "options": {
        "quiet": false,
        "reportFilename": "mochawesome",
        "saveHtml": false,
        "saveJson": true,
        "consoleReporter": "spec",
        "useInlineDiffs": false
      },
      "version": "4.1.0"
    },
    "marge": {
      "options": {
        "id": "default",
        "reportDir": "cypress/reports",
        "overwrite": true,
        "html": false,
        "json": true
      },
      "version": "4.1.0"
    }
  }
}